make all --print-data-base --no-builtin-variables --no-builtin-rules --question
# GNU Make 4.2.1
# Built for x86_64-pc-linux-gnu
# Copyright (C) 1988-2016 Free Software Foundation, Inc.
# License GPLv3+: GNU GPL version 3 or later <http://gnu.org/licenses/gpl.html>
# This is free software: you are free to change and redistribute it.
# There is NO WARRANTY, to the extent permitted by law.

# Make data base, printed on Tue Jul  5 14:16:04 2022

# Variables

# automatic
 
<D = $(patsubst %/,%,$(dir $<))
# automatic
?F = $(notdir $?)
# environment
DESKTOP_SESSION = cinnamon
# default
.SHELLFLAGS := -c
# makefile (from 'Makefile', line 18)
OBJ = $(SRC:$(SRCDIR)/%$(EXT)=$(OBJDIR)/%.o)
# environment
XDG_SESSION_CLASS = user
# makefile (from 'Makefile', line 17)
SRC = $(wildcard $(SRCDIR)/*$(EXT))
# environment
SNAP_COMMON = /var/snap/code/common
# environment
XDG_SESSION_TYPE = x11
# environment
VSCODE_LOG_NATIVE = false
# environment
NVM_INC = /home/vinicius.lcosta/.nvm/versions/node/v16.15.0/include/node
# automatic
?D = $(patsubst %/,%,$(dir $?))
# environment
GRADLE_HOME = /home/vinicius.lcosta/.sdkman/candidates/gradle/current
# environment
GTK3_MODULES = xapp-gtk3-module
# automatic
@D = $(patsubst %/,%,$(dir $@))
# environment
XAUTHORITY = /home/vinicius.lcosta/.Xauthority
# environment
GDMSESSION = cinnamon
# default
MAKE_VERSION := 4.2.1
# makefile
CURDIR := /home/vinicius.lcosta/Documentos/doutorado/EDD/merkle-tree
# makefile
SHELL = /bin/sh
# makefile (from 'Makefile', line 21)
RM = rm
# environment
SNAP_DATA = /var/snap/code/99
# environment
GDM_LANG = pt_BR
# environment
VSCODE_NLS_CONFIG = {"locale":"pt-br","availableLanguages":{},"_languagePackSupport":true}
# environment
_ = /snap/code/99/usr/share/code/code
# environment
QT_AUTO_SCREEN_SCALE_FACTOR = 0
# environment
XDG_CONFIG_DIRS = /etc/xdg/xdg-cinnamon:/etc/xdg
# environment
SNAP_INSTANCE_NAME = code
# environment
SNAP_ARCH = amd64
# environment
GTK_OVERLAY_SCROLLING = 1
# makefile (from 'main.d', line 1)
MAKEFILE_LIST :=  Makefile merkle-tree.d patricia-trie.d node.d main.d
# automatic
@F = $(notdir $@)
# environment
GIO_LAUNCHED_DESKTOP_FILE = /var/lib/snapd/desktop/applications/code_code.desktop
# 'override' directive
GNUMAKEFLAGS := 
# makefile (from 'Makefile', line 7)
CXXFLAGS = -std=c++11 -Wall
# environment
MANDATORY_PATH = /usr/share/gconf/cinnamon.mandatory.path
# environment
XDG_DATA_DIRS = /usr/share/gnome:/usr/share/cinnamon:/home/vinicius.lcosta/.local/share/flatpak/exports/share:/var/lib/flatpak/exports/share:/usr/local/share:/usr/share:/var/lib/snapd/desktop
# environment
DBUS_SESSION_BUS_ADDRESS = unix:path=/run/user/1001/bus
# environment
VSCODE_VERBOSE_LOGGING = true
# environment
INFOPATH = /home/linuxbrew/.linuxbrew/share/info:/home/linuxbrew/.linuxbrew/share/info:
# makefile (from 'Makefile', line 24)
DEL = del
# environment
LESSOPEN = | /usr/bin/lesspipe %s
# environment
VSCODE_CWD = /home/vinicius.lcosta
# environment
XDG_SESSION_PATH = /org/freedesktop/DisplayManager/Session0
# environment
GSETTINGS_SCHEMA_DIR = /snap/code/99/usr/share/glib-2.0/schemas
# default
MAKE_HOST := x86_64-pc-linux-gnu
# environment
PATH = /home/linuxbrew/.linuxbrew/bin:/home/linuxbrew/.linuxbrew/sbin:/home/vinicius.lcosta/.sdkman/candidates/gradle/current/bin:/home/vinicius.lcosta/.jbang/bin:/home/vinicius.lcosta/.jbang/currentjdk/bin:/home/vinicius.lcosta/miniconda3/bin:/home/vinicius.lcosta/miniconda3/condabin:/home/vinicius.lcosta/.nvm/versions/node/v16.15.0/bin:/home/linuxbrew/.linuxbrew/bin:/home/linuxbrew/.linuxbrew/sbin:/usr/local/sbin:/usr/local/bin:/usr/sbin:/usr/bin:/sbin:/bin:/usr/games:/usr/local/games:/snap/bin:/usr/local/go/bin:/home/vinicius.lcosta/go/bin:/usr/local/go/bin:/usr/local/go/bin:/home/vinicius.lcosta/.pulumi/bin
# environment
GPG_AGENT_INFO = /run/user/1001/gnupg/S.gpg-agent:0:1
# makefile (from 'Makefile', line 19)
DEP = $(OBJ:$(OBJDIR)/%.o=%.d)
# environment
SESSION_MANAGER = local/brrjobitanl3617:@/tmp/.ICE-unix/5487,unix/brrjobitanl3617:/tmp/.ICE-unix/5487
# environment
XDG_RUNTIME_DIR = /run/user/1001
# environment
GDK_PIXBUF_MODULE_FILE = /home/vinicius.lcosta/snap/code/common/.cache/gdk-pixbuf-loaders.cache
# environment
SNAP = /snap/code/99
# environment
SDKMAN_DIR = /home/vinicius.lcosta/.sdkman
# environment
SDKMAN_CANDIDATES_API = https://api.sdkman.io/2
# environment
UBUNTU_MENUPROXY = 1
# environment
NVM_BIN = /home/vinicius.lcosta/.nvm/versions/node/v16.15.0/bin
# environment
SNAP_VERSION = 30d9c6cd
# environment
CONDA_PREFIX = /home/vinicius.lcosta/miniconda3
# environment
SDKMAN_PLATFORM = linuxx64
# environment
VSCODE_LOG_STACK = false
# environment
DISABLE_WAYLAND = 1
# environment
ELECTRON_RUN_AS_NODE = 1
# makefile (from 'Makefile', line 8)
LDFLAGS = 
# environment
GDK_PIXBUF_MODULEDIR = /snap/code/99/usr/lib/x86_64-linux-gnu/gdk-pixbuf-2.0/2.10.0/loaders
# default
.FEATURES := target-specific order-only second-expansion else-if shortest-stem undefine oneshell archives jobserver output-sync check-symlink load
# environment
XDG_GREETER_DATA_DIR = /var/lib/lightdm-data/vinicius.lcosta
# environment
LS_COLORS = 
# environment
XDG_SESSION_DESKTOP = cinnamon
# environment
SSH_AUTH_SOCK = /run/user/1001/keyring/ssh
# environment
GIO_LAUNCHED_DESKTOP_FILE_PID = 37296
# automatic
%F = $(notdir $%)
# environment
DISPLAY = :0
# environment
CONDA_EXE = /home/vinicius.lcosta/miniconda3/bin/conda
# makefile (from 'Makefile', line 13)
SRCDIR = src
# environment
VSCODE_PIPE_LOGGING = true
# environment
SNAP_INSTANCE_KEY = 
# environment
PWD = /home/vinicius.lcosta/Documentos/doutorado/EDD/merkle-tree
# default
.LOADED := 
# environment
XDG_SEAT = seat0
# environment
SSH_AGENT_PID = 5637
# environment
ORIGINAL_XDG_CURRENT_DESKTOP = X-Cinnamon
# environment
GTK_MODULES = appmenu-gtk-module:gail:atk-bridge:appmenu-gtk-module
# environment
MANPATH = /home/linuxbrew/.linuxbrew/share/man:/home/vinicius.lcosta/.nvm/versions/node/v16.15.0/share/man:/home/linuxbrew/.linuxbrew/share/man::
# environment
VSCODE_AMD_ENTRYPOINT = vs/workbench/api/node/extensionHostProcess
# environment
HOME = /home/vinicius.lcosta
# environment
HOMEBREW_CELLAR = /home/linuxbrew/.linuxbrew/Cellar
# environment
VSCODE_CLI = 1
# environment
VSCODE_CODE_CACHE_PATH = /home/vinicius.lcosta/.config/Code/CachedData/30d9c6cd9483b2cc586687151bcbcd635f373630
# environment
LOGNAME = vinicius.lcosta
# environment
APPLICATION_INSIGHTS_NO_DIAGNOSTIC_CHANNEL = 1
# makefile (from 'Makefile', line 22)
DELOBJ = $(OBJ)
# environment
SNAP_LIBRARY_PATH = /var/lib/snapd/lib/gl:/var/lib/snapd/lib/gl32:/var/lib/snapd/void
# environment
SNAP_CONTEXT = nV8MEYy_hyB1xdUmQDQC2tOOp_Ska6xUlFypNR7NRz8G39-8gDXi
# environment
CONDA_PROMPT_MODIFIER = (base) 
# environment
NVM_CD_FLAGS = 
# environment
ELECTRON_NO_ATTACH_CONSOLE = 1
# environment
LESSCLOSE = /usr/bin/lesspipe %s %s
# environment
SNAP_USER_COMMON = /home/vinicius.lcosta/snap/code/common
# environment
VSCODE_HANDLES_UNCAUGHT_ERRORS = true
# environment
GNOME_DESKTOP_SESSION_ID = this-is-deprecated
# automatic
^D = $(patsubst %/,%,$(dir $^))
# environment
XDG_VTNR = 7
# environment
MAKELEVEL := 0
# environment
SNAP_REAL_HOME = /home/vinicius.lcosta
# environment
CONDA_DEFAULT_ENV = base
# environment
SDKMAN_VERSION = 5.15.0
# default
MAKE = $(MAKE_COMMAND)
# default
MAKECMDGOALS := all
# environment
SNAP_USER_DATA = /home/vinicius.lcosta/snap/code/99
# environment
SHLVL = 0
# makefile (from 'Makefile', line 6)
 
CC = g++
# environment
JAVA_HOME = /home/vinicius.lcosta/.jbang/currentjdk
# environment
VSCODE_IPC_HOOK_EXTHOST = /run/user/1001/vscode-ipc-f2a22f25-a4e5-4d11-a4b2-6fd87ee23ab0.sock
# environment
XDG_SESSION_ID = c2
# environment
USER = vinicius.lcosta
# environment
SNAP_REVISION = 99
# makefile
.DEFAULT_GOAL := all
# environment
XDG_CURRENT_DESKTOP = X-Cinnamon
# automatic
%D = $(patsubst %/,%,$(dir $%))
# environment
CONDA_SHLVL = 1
# default
MAKE_COMMAND := make
# default
.VARIABLES := 
# automatic
*F = $(notdir $*)
# environment
LANGUAGE = pt_BR:pt:en
# environment
XDG_SEAT_PATH = /org/freedesktop/DisplayManager/Seat0
# environment
VSCODE_IPC_HOOK = /run/user/1001/vscode-e2dc51fa-1.68.1-main.sock
# environment
BAMF_DESKTOP_FILE_HINT = /var/lib/snapd/desktop/applications/code_code.desktop
# makefile (from 'Makefile', line 12)
EXT = .cpp
# makefile
MAKEFLAGS = pqrR
# environment
MFLAGS = -pqrR
# automatic
*D = $(patsubst %/,%,$(dir $*))
# environment
NVM_DIR = /home/vinicius.lcosta/.nvm
# environment
HOMEBREW_PREFIX = /home/linuxbrew/.linuxbrew
# automatic
+D = $(patsubst %/,%,$(dir $+))
# environment
GDK_BACKEND = x11
# automatic
+F = $(notdir $+)
# environment
CINNAMON_VERSION = 4.8.6
# makefile (from 'Makefile', line 11)
APPNAME = merkle-tree
# environment
HOMEBREW_REPOSITORY = /home/linuxbrew/.linuxbrew/Homebrew
# environment
QT_ACCESSIBILITY = 1
# environment
DEFAULTS_PATH = /usr/share/gconf/cinnamon.default.path
# default
MAKEFILES := 
# environment
SNAP_COOKIE = nV8MEYy_hyB1xdUmQDQC2tOOp_Ska6xUlFypNR7NRz8G39-8gDXi
# automatic
<F = $(notdir $<)
# makefile (from 'Makefile', line 14)
OBJDIR = obj
# environment
define PS1
(base) [00;02;36m\]	 [00;02;34m\]\u@\h [00;00;33m\]\w [00;00;32m\]$(__git_ps1 "(%s)") [00;00;00m\]
\# $ 
endef
# environment
SNAP_NAME = code
# environment
SDKMAN_CANDIDATES_DIR = /home/vinicius.lcosta/.sdkman/candidates
# environment
LC_ALL = C
# makefile (from 'Makefile', line 26)
WDELOBJ = $(SRC:$(SRCDIR)/%$(EXT)=$(OBJDIR)\\%.o)
# environment
CONDA_PYTHON_EXE = /home/vinicius.lcosta/miniconda3/bin/python
# environment
GJS_DEBUG_TOPICS = JS ERROR;JS LOG
# automatic
^F = $(notdir $^)
# default
SUFFIXES := 
# environment
SNAP_REEXEC = 
# environment
_CE_M = 
# environment
CHROME_DESKTOP = code-url-handler.desktop
# default
.INCLUDE_DIRS = /usr/include /usr/local/include /usr/include
# environment
GJS_DEBUG_OUTPUT = stderr
# default
.RECIPEPREFIX := 
# makefile (from 'Makefile', line 25)
EXE = .exe
# environment
LANG = C
# environment
VSCODE_PID = 37353
# environment
_CE_CONDA = 
# variable set hash-table stats:
 
# Load=165/1024=16%, Rehash=0, Collisions=35/221=16%

# Pattern-specific Variable Values

# No pattern-specific variable values.

# Directories

# . (device 2050, inode 152674): 20 files, no impossibilities.
# src (device 2050, inode 1460801): 11 files, no impossibilities.

# 31 files, no impossibilities in 2 directories.

# Implicit Rules

%.d: src/%.cpp
#  recipe to execute (from 'Makefile', line 40):
	@$(CPP) $(CFLAGS) $< -MM -MT $(@:%.d=$(OBJDIR)/%.o) >$@

obj/%.o: src/%.cpp
#  recipe to execute (from 'Makefile', line 47):
	$(CC) $(CXXFLAGS) -o $@ -c $<

# 2 implicit rules, 0 (0.0%) terminal.

# Files

# Not a target:
src/node.hpp:
#  Implicit rule search has been done.
#  Last modified 2022-06-04 16:38:14.645249064
#  File has been updated.
#  Successfully updated.

# Not a target:
src/merkle-tree.cpp:
#  Implicit rule search has been done.
#  Last modified 2022-07-05 09:42:42.415013314
#  File has been updated.
#  Successfully updated.

all: merkle-tree
#  Command line target.
#  Implicit rule search has been done.
#  File does not exist.
#  File has been updated.
#  Successfully updated.

.PHONY: clean cleandep cleanw cleandepw
#  Implicit rule search has not been done.
#  Modification time never checked.
#  File has not been updated.

merkle-tree: obj/merkle-tree.o obj/patricia-trie.o obj/node.o obj/main.o
#  Implicit rule search has not been done.
#  Last modified 2022-07-05 10:11:40.149267826
#  File has been updated.
#  Successfully updated.
#  recipe to execute (from 'Makefile', line 36):
	$(CC) $(CXXFLAGS) -o $@ $^ $(LDFLAGS)

# Not a target:
src/merkle-tree.hpp:
#  Implicit rule search has been done.
 
#  Last modified 2022-07-05 09:37:11.090946552
#  File has been updated.
#  Successfully updated.

# Not a target:
src/picosha2.hpp:
#  Implicit rule search has been done.
#  Last modified 2022-06-26 19:49:56.760923427
#  File has been updated.
#  Successfully updated.

obj/main.o: src/main.cpp src/main.cpp src/merkle-tree.hpp src/node.hpp src/patricia-trie.hpp src/sha.hpp src/picosha2.hpp
#  Implicit rule search has been done.
#  Implicit/static pattern stem: 'main'
#  Last modified 2022-07-05 10:11:39.917267177
#  File has been updated.
#  Successfully updated.
#  recipe to execute (from 'Makefile', line 47):
	$(CC) $(CXXFLAGS) -o $@ -c $<

# Not a target:
Makefile:
#  Implicit rule search has been done.
#  Last modified 2022-06-26 19:49:56.74492266
#  File has been updated.
#  Successfully updated.

# Not a target:
src/patricia-trie.cpp:
#  Implicit rule search has been done.
#  Last modified 2022-07-05 10:10:00.728947443
#  File has been updated.
#  Successfully updated.

# Not a target:
src/patricia-trie.hpp:
#  Implicit rule search has been done.
#  Last modified 2022-07-05 10:11:33.725249684
#  File has been updated.
#  Successfully updated.

obj/node.o: src/node.cpp src/node.cpp src/node.hpp
#  Implicit rule search has been done.
#  Implicit/static pattern stem: 'node'
#  Last modified 2022-06-04 16:41:26.630843934
#  File has been updated.
#  Successfully updated.
#  recipe to execute (from 'Makefile', line 47):
	$(CC) $(CXXFLAGS) -o $@ -c $<

cleanw:
#  Phony target (prerequisite of .PHONY).
#  Implicit rule search has not been done.
#  File does not exist.
#  File has not been updated.
#  recipe to execute (from 'Makefile', line 64):
	$(DEL) $(WDELOBJ) $(DEP) $(APPNAME)$(EXE)

# Not a target:
src/sha.hpp:
#  Implicit rule search has been done.
#  Last modified 2022-06-16 17:44:47.209492582
#  File has been updated.
#  Successfully updated.
 

main.d: src/main.cpp
#  Implicit rule search has been done.
#  Implicit/static pattern stem: 'main'
#  Last modified 2022-07-05 14:16:03.800822573
#  File has been updated.
#  Successfully updated.
#  recipe to execute (from 'Makefile', line 40):
	@$(CPP) $(CFLAGS) $< -MM -MT $(@:%.d=$(OBJDIR)/%.o) >$@

obj/merkle-tree.o: src/merkle-tree.cpp src/merkle-tree.cpp src/merkle-tree.hpp src/node.hpp src/sha.hpp src/picosha2.hpp
#  Implicit rule search has been done.
#  Implicit/static pattern stem: 'merkle-tree'
#  Last modified 2022-07-05 09:54:41.342177758
#  File has been updated.
#  Successfully updated.
#  recipe to execute (from 'Makefile', line 47):
	$(CC) $(CXXFLAGS) -o $@ -c $<

# Not a target:
.DEFAULT:
#  Implicit rule search has not been done.
#  Modification time never checked.
#  File has not been updated.

cleandep:
#  Phony target (prerequisite of .PHONY).
#  Implicit rule search has not been done.
#  File does not exist.
#  File has not been updated.
#  recipe to execute (from 'Makefile', line 58):
	$(RM) $(DEP)

cleandepw:
#  Phony target (prerequisite of .PHONY).
#  Implicit rule search has not been done.
#  File does not exist.
#  File has not been updated.
#  recipe to execute (from 'Makefile', line 69):
	$(DEL) $(DEP)

node.d: src/node.cpp
#  Implicit rule search has been done.
#  Implicit/static pattern stem: 'node'
#  Last modified 2022-07-05 14:16:03.884822331
#  File has been updated.
#  Successfully updated.
#  recipe to execute (from 'Makefile', line 40):
	@$(CPP) $(CFLAGS) $< -MM -MT $(@:%.d=$(OBJDIR)/%.o) >$@

clean:
#  Phony target (prerequisite of .PHONY).
#  Implicit rule search has not been done.
#  File does not exist.
#  File has not been updated.
#  recipe to execute (from 'Makefile', line 53):
	$(RM) $(DELOBJ) $(DEP) $(APPNAME)

# Not a target:
src/main.cpp:
#  Implicit rule search has been done.
#  Last modified 2022-07-05 10:09:44.664887143
#  File has been updated.
#  Successfully updated.

obj/patricia-trie.o: src/patricia-trie.cpp src/patricia-trie.cpp src/patricia-trie.hpp
#  Implicit rule search has been done.
#  Implicit/static pattern stem: 'patricia-trie'
#  Last modified 2022-07-05 10:11:39.217265215
#  File has been updated.
#  Successfully updated.
#  recipe to execute (from 'Makefile', line 47):
	$(CC) $(CXXFLAGS) -o $@ -c $<

merkle-tree.d: src/merkle-tree.cpp
#  Implicit rule search has been done.
#  Implicit/static pattern stem: 'merkle-tree'
#  Last modified 2022-07-05 14:16:04.188821458
#  File has been updated.
 
#  Successfully updated.
#  recipe to execute (from 'Makefile', line 40):
	@$(CPP) $(CFLAGS) $< -MM -MT $(@:%.d=$(OBJDIR)/%.o) >$@

# Not a target:
src/node.cpp:
#  Implicit rule search has been done.
#  Last modified 2022-06-04 16:35:09.983680235
#  File has been updated.
#  Successfully updated.

patricia-trie.d: src/patricia-trie.cpp
#  Implicit rule search has been done.
#  Implicit/static pattern stem: 'patricia-trie'
#  Last modified 2022-07-05 14:16:04.064821814
#  File has been updated.
#  Successfully updated.
#  recipe to execute (from 'Makefile', line 40):
	@$(CPP) $(CFLAGS) $< -MM -MT $(@:%.d=$(OBJDIR)/%.o) >$@

# files hash-table stats:
# Load=27/1024=3%, Rehash=0, Collisions=10/98=10%
# VPATH Search Paths

# No 'vpath' search paths.

# No general ('VPATH' variable) search path.

# strcache buffers: 1 (0) / strings = 58 / storage = 631 B / avg = 10 B
# current buf: size = 8162 B / used = 631 B / count = 58 / avg = 10 B

# strcache performance: lookups = 129 / hit rate = 55%
# hash-table stats:
# Load=58/8192=1%, Rehash=0, Collisions=3/129=2%
# Finished Make data base on Tue Jul  5 14:16:04 2022

 
